-----------------------------------------------------------------------------

Input image     : NGC3379_r_cutout.fits[1:763,1:763] 
Init. par. file : galfit_withpsf.feedme 
Restart file    : galfit.01 
Output image    : model_psf.fits 

 sersic    : (  383.49,   381.89)    9.33    131.62    2.01    0.87    68.45
             (    0.02,     0.02)    0.00      0.21    0.00    0.00     0.12
 sky       : [382.00, 382.00]  2.84e-02  [0.00e+00]  [0.00e+00]
                                1.77e-04  [0.00e+00]  [0.00e+00]
 Chi^2 = 98437.13275,  ndof = 582161
 Chi^2/nu = 0.169 

-----------------------------------------------------------------------------
-----------------------------------------------------------------------------

Input image     : NGC3379_r_cutout.fits[1:763,1:763] 
Init. par. file : galfit_withpsf.feedme 
Restart file    : galfit.01 
Output image    : model_psf.fits 

 sersic    : (  383.49,   381.89)    9.33    131.61    2.01    0.87    68.45
             (    0.02,     0.02)    0.00      0.21    0.00    0.00     0.12
 sky       : [382.00, 382.00]  2.84e-02  [0.00e+00]  [0.00e+00]
                                1.77e-04  [0.00e+00]  [0.00e+00]
 Chi^2 = 98445.17184,  ndof = 582161
 Chi^2/nu = 0.169 

-----------------------------------------------------------------------------
-----------------------------------------------------------------------------

Input image     : NGC3379_r_cutout.fits[1:763,1:763] 
Init. par. file : galfit_withpsf.feedme 
Restart file    : galfit.01 
Output image    : model_psf.fits 

 sersic    : (  383.49,   381.89)    9.33    131.61    2.01    0.87    68.45
             (    0.02,     0.02)    0.00      0.21    0.00    0.00     0.12
 sky       : [382.00, 382.00]  2.84e-02  [0.00e+00]  [0.00e+00]
                                1.77e-04  [0.00e+00]  [0.00e+00]
 Chi^2 = 98445.17184,  ndof = 582161
 Chi^2/nu = 0.169 

-----------------------------------------------------------------------------
-----------------------------------------------------------------------------

Input image     : NGC3379_r_cutout.fits[1:763,1:763] 
Init. par. file : galfit_withpsf.feedme 
Restart file    : galfit.01 
Output image    : model_psf.fits 

 sersic    : (  383.49,   381.89)    9.33    131.61    2.01    0.87    68.45
             (    0.02,     0.02)    0.00      0.21    0.00    0.00     0.12
 sky       : [382.00, 382.00]  2.84e-02  [0.00e+00]  [0.00e+00]
                                1.77e-04  [0.00e+00]  [0.00e+00]
 Chi^2 = 98445.17184,  ndof = 582161
 Chi^2/nu = 0.169 

-----------------------------------------------------------------------------
